\BOOKMARK [0][]{section*.1}{\376\377\006\101\006\107\006\061\006\063\006\052\000\040\006\052\006\065\006\047\006\110\006\314\006\061}{}% 1
\BOOKMARK [0][]{section*.2}{\376\377\006\101\006\107\006\061\006\063\006\052\000\040\006\054\006\057\006\047\006\110\006\104}{}% 2
\BOOKMARK [0][]{chapter*.3}{\376\377\006\101\006\107\006\061\006\063\006\052\000\040\006\050\006\061\006\106\006\047\006\105\006\107\040\014\006\107\006\047}{}% 3
\BOOKMARK [0][]{chapter*.3}{\376\377\006\101\006\107\006\061\006\063\006\052\000\040\006\047\006\056\006\052\006\065\006\047\006\061\006\047\006\052}{}% 4
\BOOKMARK [0][]{chapter.1}{\376\377\006\105\006\102\006\057\006\105\006\107}{}% 5
\BOOKMARK [1][]{section.1.1}{\376\377\006\106\006\070\006\061\006\314\006\107\000\040\006\061\006\101\006\052\006\047\006\061\000\040\006\050\006\061\006\106\006\047\006\105\006\107\040\014\006\061\006\314\006\062\006\314\040\014\006\064\006\057\006\107\000\040\006\110\000\040\006\047\006\107\006\105\006\314\006\052\000\040\006\047\006\063\006\052\006\101\006\047\006\057\006\107\000\040\006\053\006\047\006\106\006\110\006\314\006\107\000\040\006\047\006\062\000\040\006\047\006\067\006\104\006\047\006\071\006\047\006\052}{chapter.1}% 6
\BOOKMARK [1][]{section.1.2}{\376\377\006\106\006\070\006\061\006\314\006\107\040\014\006\107\006\047}{chapter.1}% 7
\BOOKMARK [1][]{section.1.3}{\376\377\006\105\006\052\006\072\006\314\006\061\040\014\006\107\006\047\000\040\006\110\000\040\006\176\006\061\006\063\006\064\040\014\006\106\006\047\006\105\006\107\040\014\006\107\006\047}{chapter.1}% 8
\BOOKMARK [1][]{section.1.4}{\376\377\006\101\006\061\006\066\006\314\006\107\000\040\006\176\006\230\006\110\006\107\006\064\006\314}{chapter.1}% 9
\BOOKMARK [0][]{chapter.2}{\376\377\006\105\006\061\006\110\006\061\006\314\000\040\006\050\006\061\000\040\006\105\006\067\006\047\006\104\006\071\006\047\006\052\000\040\006\047\006\106\006\054\006\047\006\105\000\040\006\064\006\057\006\107}{}% 10
\BOOKMARK [1][]{section.2.1}{\376\377\006\057\006\063\006\052\006\107\040\014\006\107\006\047\006\314\000\040\006\107\006\101\006\052\006\257\006\047\006\106\006\107\000\040\006\047\006\067\006\104\006\047\006\071\006\047\006\052\000\040\006\064\006\056\006\065\006\314}{chapter.2}% 11
\BOOKMARK [1][]{section.2.2}{\376\377\006\106\006\105\006\110\006\106\006\107\040\014\006\257\006\314\006\061\006\314\000\040\006\257\006\104\006\110\006\104\006\107\000\040\006\050\006\061\006\101\006\314\000\040\006\050\006\107\000\040\006\071\006\106\006\110\006\047\006\106\000\040\006\061\006\101\006\052\006\047\006\061\000\040\006\050\006\107\040\014\006\047\006\064\006\052\006\061\006\047\006\251\040\014\006\257\006\060\006\047\006\061\006\314}{chapter.2}% 12
\BOOKMARK [0][]{chapter.3}{\376\377\006\061\006\110\006\064\000\040\006\052\006\055\006\102\006\314\006\102}{}% 13
\BOOKMARK [1][]{section.3.1}{\376\377\006\106\006\110\006\071\000\040\006\176\006\230\006\110\006\107\006\064}{chapter.3}% 14
\BOOKMARK [1][]{section.3.2}{\376\377\006\052\006\071\006\061\006\314\006\101\000\040\006\105\006\052\006\072\006\314\006\061\040\014\006\107\006\047}{chapter.3}% 15
\BOOKMARK [2][]{subsection.3.2.1}{\376\377\006\052\006\071\006\061\006\314\006\101\000\040\006\071\006\105\006\104\006\314\006\047\006\052\006\314\000\040\006\176\006\047\006\061\006\047\006\105\006\052\006\061\006\107\006\047\006\314\000\040\006\106\006\070\006\061\006\314\006\107\000\040\006\061\006\101\006\052\006\047\006\061\000\040\006\050\006\061\006\106\006\047\006\105\006\107\000\040\006\061\006\314\006\062\006\314\000\040\006\064\006\057\006\107\000\040}{section.3.2}% 16
\BOOKMARK [2][]{subsection.3.2.2}{\376\377\006\052\006\071\006\061\006\314\006\101\000\040\006\106\006\070\006\061\006\314\000\040\006\105\006\052\006\072\006\314\006\061\000\040\006\054\006\107\006\052\040\014\006\257\006\314\006\061\006\314\000\040\006\047\006\061\006\062\006\064\000\040\006\047\006\054\006\052\006\105\006\047\006\071\006\314}{section.3.2}% 17
\BOOKMARK [2][]{subsection.3.2.3}{\376\377\006\052\006\071\006\061\006\314\006\101\000\040\006\071\006\105\006\104\006\314\006\047\006\052\006\314\000\040\006\105\006\052\006\072\006\314\006\061\000\040\006\054\006\107\006\052\040\014\006\257\006\314\006\061\006\314\000\040\006\047\006\061\006\062\006\064\000\040\006\047\006\054\006\052\006\105\006\047\006\071\006\314}{section.3.2}% 18
\BOOKMARK [2][]{subsection.3.2.4}{\376\377\006\052\006\071\006\061\006\314\006\101\000\040\006\106\006\070\006\061\006\314\000\040\006\105\006\052\006\072\006\314\006\061\000\040\006\063\006\107\040\014\006\257\006\047\006\106\006\107\000\040\006\052\006\047\006\061\006\314\006\251}{section.3.2}% 19
\BOOKMARK [2][]{subsection.3.2.5}{\376\377\006\052\006\071\006\061\006\314\006\101\000\040\006\071\006\105\006\104\006\314\006\047\006\052\006\314\000\040\006\063\006\107\000\040\006\257\006\047\006\106\006\107\000\040\006\052\006\047\006\061\006\314\006\251}{section.3.2}% 20
\BOOKMARK [1][]{section.3.3}{\376\377\006\054\006\047\006\105\006\071\006\107\000\040\006\042\006\105\006\047\006\061\006\314\000\040\006\110\000\040\006\061\006\110\006\064\000\040\006\106\006\105\006\110\006\106\006\107\040\014\006\257\006\314\006\061\006\314}{chapter.3}% 21
\BOOKMARK [2][]{subsection.3.3.1}{\376\377\006\061\006\110\006\064\000\040\006\047\006\054\006\061\006\047\000\040\006\110\000\040\006\105\006\061\006\047\006\055\006\104\000\040\006\042\006\062\006\105\006\047\006\314\006\064}{section.3.3}% 22
\BOOKMARK [0][]{chapter.4}{\376\377\006\106\006\052\006\047\006\314\006\054}{}% 23
\BOOKMARK [1][]{section.4.1}{\376\377\006\176\006\314\006\064\000\040\006\176\006\061\006\057\006\047\006\062\006\064\000\040\006\057\006\047\006\057\006\107\000\040\006\110\000\040\006\106\006\052\006\047\006\314\006\054\000\040\006\047\006\110\006\104\006\314\006\107}{chapter.4}% 24
\BOOKMARK [1][]{section.4.2}{\376\377\006\110\006\314\006\230\006\257\006\314\040\014\006\107\006\047\006\314\000\040\006\106\006\105\006\110\006\106\006\107}{chapter.4}% 25
\BOOKMARK [1][]{section.4.3}{\376\377\006\106\006\052\006\047\006\314\006\054\000\040\006\042\006\062\006\105\006\110\006\106\000\040\006\054\006\107\006\052\040\014\006\257\006\314\006\061\006\314\000\040\006\047\006\061\006\062\006\064\000\040\006\047\006\054\006\052\006\105\006\047\006\071\006\314}{chapter.4}% 26
\BOOKMARK [0][]{chapter.5}{\376\377\006\050\006\055\006\053\000\040\006\110\000\040\006\106\006\052\006\314\006\054\006\107\040\014\006\257\006\314\006\061\006\314}{}% 27
\BOOKMARK [1][]{section.5.1}{\376\377\006\050\006\061\006\061\006\063\006\314\000\040\006\061\006\101\006\052\006\047\006\061\006\107\006\047\006\314\000\040\006\105\006\064\006\047\006\107\006\057\006\107\000\040\006\064\006\057\006\107\000\040}{chapter.5}% 28
\BOOKMARK [1][]{section.5.2}{\376\377\006\106\006\052\006\047\006\314\006\054\000\040\006\105\006\061\006\050\006\110\006\067\000\040\006\050\006\107\000\040\006\063\006\107\040\014\006\257\006\047\006\106\006\107\000\040\006\052\006\047\006\061\006\314\006\251}{chapter.5}% 29
\BOOKMARK [1][]{section.5.3}{\376\377\000\040\006\106\006\052\006\047\006\314\006\054\000\040\006\105\006\061\006\050\006\110\006\067\000\040\006\050\006\107\000\040\000S\000V\000O\000\040}{chapter.5}% 30
\BOOKMARK [1][]{section.5.4}{\376\377\006\105\006\055\006\057\006\110\006\057\006\314\006\052\040\014\006\107\006\047}{chapter.5}% 31
\BOOKMARK [1][]{section.5.5}{\376\377\006\176\006\314\006\064\006\106\006\107\006\047\006\057\006\107\006\047}{chapter.5}% 32
\BOOKMARK [0][]{chapter*.12}{\376\377\006\105\006\061\006\047\006\054\006\071}{}% 33
\BOOKMARK [0][]{appendix.Alph1}{\376\377\006\052\006\065\006\047\006\110\006\314\006\061\000\040\006\042\006\062\006\105\006\110\006\106\000\040\006\105\006\050\006\052\006\106\006\314\000\040\006\050\006\061\000\040\006\110\006\050}{}% 34
\BOOKMARK [0][]{appendix.Alph1}{\376\377\006\110\006\047\006\230\006\107\000\040\006\106\006\047\006\105\006\107\000\040\006\101\006\047\006\061\006\063\006\314\000\040\006\050\006\107\000\040\006\047\006\106\006\257\006\104\006\314\006\063\006\314}{}% 35
\BOOKMARK [0][]{appendix.Alph1}{\376\377\006\110\006\047\006\230\006\107\000\040\006\106\006\047\006\105\006\107\000\040\006\047\006\106\006\257\006\104\006\314\006\063\006\314\000\040\006\050\006\107\000\040\006\101\006\047\006\061\006\063\006\314}{}% 36
